<?xml version="1.0" encoding="UTF-8"?>
<!-- Generated by org.testng.reporters.JUnitReportReporter -->
<testsuite hostname="DESKTOP-PV8OE5S" failures="0" tests="1" name="Demo.CreateContactsTest" time="35.549" errors="0" timestamp="2022-11-29T15:12:15 IST" skipped="0">
  <testcase classname="Demo.CreateContactsTest" name="createContactsTest" time="35.549"/>
  <system-out/>
</testsuite> <!-- Demo.CreateContactsTest -->
